2022-01-12T11:03:26.419Z [winston-test] error: hi
2022-01-12T11:03:58.832Z [winston-test] error: hi
2022-01-12T11:04:09.642Z error: hi
hi
2022-01-12T11:08:21.408Z error: hi
2022-01-12T11:09:06.965Z info: DB connection
2022-01-12T11:09:13.989Z info: DB connection
2022-01-12T11:10:05.679Z error: uncaughtException: dbConfig is not defined
ReferenceError: dbConfig is not defined
    at Object.<anonymous> (C:\Users\user\Originals-EZtech\Originals_Project\server\routes\users.js:17:24)
    at Module._compile (node:internal/modules/cjs/loader:1101:14)
    at Object.Module._extensions..js (node:internal/modules/cjs/loader:1153:10)
    at Module.load (node:internal/modules/cjs/loader:981:32)
    at Function.Module._load (node:internal/modules/cjs/loader:822:12)
    at Module.require (node:internal/modules/cjs/loader:1005:19)
    at require (node:internal/modules/cjs/helpers:102:18)
    at Object.<anonymous> (C:\Users\user\Originals-EZtech\Originals_Project\server\index.js:10:23)
    at Module._compile (node:internal/modules/cjs/loader:1101:14)
    at Object.Module._extensions..js (node:internal/modules/cjs/loader:1153:10)
2022-01-12T11:11:05.258Z error: Error: ORA-00904: "USER_EMAL": 부적합한 식별자
2022-01-12T11:11:05.275Z error: uncaughtException: Cannot read properties of undefined (reading 'rows')
TypeError: Cannot read properties of undefined (reading 'rows')
    at C:\Users\user\Originals-EZtech\Originals_Project\server\routes\users.js:47:20
2022-01-12T11:25:41.522Z error: Error: ORA-00904: "USER_EMAL": 부적합한 식별자
2022-01-12T11:25:41.541Z error: uncaughtException: Cannot read properties of undefined (reading 'rows')
TypeError: Cannot read properties of undefined (reading 'rows')
    at C:\Users\user\Originals-EZtech\Originals_Project\server\routes\users.js:51:20
2022-01-12T11:27:51.846Z error: Error: ORA-00904: "USER_EMAL": 부적합한 식별자
2022-01-12T11:27:51.860Z error: uncaughtException: Cannot read properties of undefined (reading 'rows')
TypeError: Cannot read properties of undefined (reading 'rows')
    at C:\Users\user\Originals-EZtech\Originals_Project\server\routes\users.js:54:20
2022-01-12T11:28:42.565Z error: Error: ORA-00904: "USER_EMAL": 부적합한 식별자
2022-01-12T11:28:42.581Z error: uncaughtException: Cannot read properties of undefined (reading 'rows')
TypeError: Cannot read properties of undefined (reading 'rows')
    at C:\Users\user\Originals-EZtech\Originals_Project\server\routes\users.js:54:20
2022-01-12T11:28:58.126Z error: Error: ORA-00904: "USER_EMAL": 부적합한 식별자
2022-01-12T11:28:58.140Z error: uncaughtException: Cannot read properties of undefined (reading 'rows')
TypeError: Cannot read properties of undefined (reading 'rows')
    at C:\Users\user\Originals-EZtech\Originals_Project\server\routes\users.js:56:20
2022-01-13T10:53:10.235Z error: uncaughtException: listen EADDRINUSE: address already in use :::4000
Error: listen EADDRINUSE: address already in use :::4000
    at Server.setupListenHandle [as _listen2] (node:net:1334:16)
    at listenInCluster (node:net:1382:12)
    at Server.listen (node:net:1469:7)
    at Function.listen (C:\team project\Originals_Project\node_modules\express\lib\application.js:618:24)
    at Object.<anonymous> (C:\team project\Originals_Project\server\index.js:17:5)
    at Module._compile (node:internal/modules/cjs/loader:1101:14)
    at Object.Module._extensions..js (node:internal/modules/cjs/loader:1153:10)
    at Module.load (node:internal/modules/cjs/loader:981:32)
    at Function.Module._load (node:internal/modules/cjs/loader:822:12)
    at Function.executeUserEntryPoint [as runMain] (node:internal/modules/run_main:81:12)
2022-01-13T10:53:36.907Z error: uncaughtException: listen EADDRINUSE: address already in use :::4000
Error: listen EADDRINUSE: address already in use :::4000
    at Server.setupListenHandle [as _listen2] (node:net:1334:16)
    at listenInCluster (node:net:1382:12)
    at Server.listen (node:net:1469:7)
    at Function.listen (C:\team project\Originals_Project\node_modules\express\lib\application.js:618:24)
    at Object.<anonymous> (C:\team project\Originals_Project\server\index.js:17:5)
    at Module._compile (node:internal/modules/cjs/loader:1101:14)
    at Object.Module._extensions..js (node:internal/modules/cjs/loader:1153:10)
    at Module.load (node:internal/modules/cjs/loader:981:32)
    at Function.Module._load (node:internal/modules/cjs/loader:822:12)
    at Function.executeUserEntryPoint [as runMain] (node:internal/modules/run_main:81:12)
2022-01-13T10:58:21.012Z error: uncaughtException: listen EADDRINUSE: address already in use :::4000
Error: listen EADDRINUSE: address already in use :::4000
    at Server.setupListenHandle [as _listen2] (node:net:1334:16)
    at listenInCluster (node:net:1382:12)
    at Server.listen (node:net:1469:7)
    at Function.listen (C:\team project\Originals_Project\node_modules\express\lib\application.js:618:24)
    at Object.<anonymous> (C:\team project\Originals_Project\server\index.js:17:5)
    at Module._compile (node:internal/modules/cjs/loader:1101:14)
    at Object.Module._extensions..js (node:internal/modules/cjs/loader:1153:10)
    at Module.load (node:internal/modules/cjs/loader:981:32)
    at Function.Module._load (node:internal/modules/cjs/loader:822:12)
    at Function.executeUserEntryPoint [as runMain] (node:internal/modules/run_main:81:12)
2022-01-13T11:44:30.728Z error: uncaughtException: listen EADDRINUSE: address already in use :::4000
Error: listen EADDRINUSE: address already in use :::4000
    at Server.setupListenHandle [as _listen2] (node:net:1334:16)
    at listenInCluster (node:net:1382:12)
    at Server.listen (node:net:1469:7)
    at Function.listen (C:\team project\Originals_Project\node_modules\express\lib\application.js:618:24)
    at Object.<anonymous> (C:\team project\Originals_Project\server\index.js:17:5)
    at Module._compile (node:internal/modules/cjs/loader:1101:14)
    at Object.Module._extensions..js (node:internal/modules/cjs/loader:1153:10)
    at Module.load (node:internal/modules/cjs/loader:981:32)
    at Function.Module._load (node:internal/modules/cjs/loader:822:12)
    at Function.executeUserEntryPoint [as runMain] (node:internal/modules/run_main:81:12)
2022-01-13T11:44:58.970Z error: uncaughtException: listen EADDRINUSE: address already in use :::4000
Error: listen EADDRINUSE: address already in use :::4000
    at Server.setupListenHandle [as _listen2] (node:net:1334:16)
    at listenInCluster (node:net:1382:12)
    at Server.listen (node:net:1469:7)
    at Function.listen (C:\team project\Originals_Project\node_modules\express\lib\application.js:618:24)
    at Object.<anonymous> (C:\team project\Originals_Project\server\index.js:17:5)
    at Module._compile (node:internal/modules/cjs/loader:1101:14)
    at Object.Module._extensions..js (node:internal/modules/cjs/loader:1153:10)
    at Module.load (node:internal/modules/cjs/loader:981:32)
    at Function.Module._load (node:internal/modules/cjs/loader:822:12)
    at Function.executeUserEntryPoint [as runMain] (node:internal/modules/run_main:81:12)
2022-01-13T11:45:22.783Z error: uncaughtException: listen EADDRINUSE: address already in use :::4000
Error: listen EADDRINUSE: address already in use :::4000
    at Server.setupListenHandle [as _listen2] (node:net:1334:16)
    at listenInCluster (node:net:1382:12)
    at Server.listen (node:net:1469:7)
    at Function.listen (C:\team project\Originals_Project\node_modules\express\lib\application.js:618:24)
    at Object.<anonymous> (C:\team project\Originals_Project\server\index.js:17:5)
    at Module._compile (node:internal/modules/cjs/loader:1101:14)
    at Object.Module._extensions..js (node:internal/modules/cjs/loader:1153:10)
    at Module.load (node:internal/modules/cjs/loader:981:32)
    at Function.Module._load (node:internal/modules/cjs/loader:822:12)
    at Function.executeUserEntryPoint [as runMain] (node:internal/modules/run_main:81:12)
2022-01-13T11:45:23.987Z error: uncaughtException: listen EADDRINUSE: address already in use :::4000
Error: listen EADDRINUSE: address already in use :::4000
    at Server.setupListenHandle [as _listen2] (node:net:1334:16)
    at listenInCluster (node:net:1382:12)
    at Server.listen (node:net:1469:7)
    at Function.listen (C:\team project\Originals_Project\node_modules\express\lib\application.js:618:24)
    at Object.<anonymous> (C:\team project\Originals_Project\server\index.js:17:5)
    at Module._compile (node:internal/modules/cjs/loader:1101:14)
    at Object.Module._extensions..js (node:internal/modules/cjs/loader:1153:10)
    at Module.load (node:internal/modules/cjs/loader:981:32)
    at Function.Module._load (node:internal/modules/cjs/loader:822:12)
    at Function.executeUserEntryPoint [as runMain] (node:internal/modules/run_main:81:12)
2022-01-13T11:46:05.590Z error: uncaughtException: listen EADDRINUSE: address already in use :::4000
Error: listen EADDRINUSE: address already in use :::4000
    at Server.setupListenHandle [as _listen2] (node:net:1334:16)
    at listenInCluster (node:net:1382:12)
    at Server.listen (node:net:1469:7)
    at Function.listen (C:\team project\Originals_Project\node_modules\express\lib\application.js:618:24)
    at Object.<anonymous> (C:\team project\Originals_Project\server\index.js:17:5)
    at Module._compile (node:internal/modules/cjs/loader:1101:14)
    at Object.Module._extensions..js (node:internal/modules/cjs/loader:1153:10)
    at Module.load (node:internal/modules/cjs/loader:981:32)
    at Function.Module._load (node:internal/modules/cjs/loader:822:12)
    at Function.executeUserEntryPoint [as runMain] (node:internal/modules/run_main:81:12)
2022-01-13T11:50:01.004Z error: uncaughtException: listen EADDRINUSE: address already in use :::4000
Error: listen EADDRINUSE: address already in use :::4000
    at Server.setupListenHandle [as _listen2] (node:net:1334:16)
    at listenInCluster (node:net:1382:12)
    at Server.listen (node:net:1469:7)
    at Function.listen (C:\team project\Originals_Project\node_modules\express\lib\application.js:618:24)
    at Object.<anonymous> (C:\team project\Originals_Project\server\index.js:17:5)
    at Module._compile (node:internal/modules/cjs/loader:1101:14)
    at Object.Module._extensions..js (node:internal/modules/cjs/loader:1153:10)
    at Module.load (node:internal/modules/cjs/loader:981:32)
    at Function.Module._load (node:internal/modules/cjs/loader:822:12)
    at Function.executeUserEntryPoint [as runMain] (node:internal/modules/run_main:81:12)
2022-01-13T11:50:02.179Z error: uncaughtException: listen EADDRINUSE: address already in use :::4000
Error: listen EADDRINUSE: address already in use :::4000
    at Server.setupListenHandle [as _listen2] (node:net:1334:16)
    at listenInCluster (node:net:1382:12)
    at Server.listen (node:net:1469:7)
    at Function.listen (C:\team project\Originals_Project\node_modules\express\lib\application.js:618:24)
    at Object.<anonymous> (C:\team project\Originals_Project\server\index.js:17:5)
    at Module._compile (node:internal/modules/cjs/loader:1101:14)
    at Object.Module._extensions..js (node:internal/modules/cjs/loader:1153:10)
    at Module.load (node:internal/modules/cjs/loader:981:32)
    at Function.Module._load (node:internal/modules/cjs/loader:822:12)
    at Function.executeUserEntryPoint [as runMain] (node:internal/modules/run_main:81:12)
2022-01-13T11:50:21.319Z error: uncaughtException: listen EADDRINUSE: address already in use :::4000
Error: listen EADDRINUSE: address already in use :::4000
    at Server.setupListenHandle [as _listen2] (node:net:1334:16)
    at listenInCluster (node:net:1382:12)
    at Server.listen (node:net:1469:7)
    at Function.listen (C:\team project\Originals_Project\node_modules\express\lib\application.js:618:24)
    at Object.<anonymous> (C:\team project\Originals_Project\server\index.js:17:5)
    at Module._compile (node:internal/modules/cjs/loader:1101:14)
    at Object.Module._extensions..js (node:internal/modules/cjs/loader:1153:10)
    at Module.load (node:internal/modules/cjs/loader:981:32)
    at Function.Module._load (node:internal/modules/cjs/loader:822:12)
    at Function.executeUserEntryPoint [as runMain] (node:internal/modules/run_main:81:12)
2022-01-13T11:50:21.635Z error: uncaughtException: listen EADDRINUSE: address already in use :::4000
Error: listen EADDRINUSE: address already in use :::4000
    at Server.setupListenHandle [as _listen2] (node:net:1334:16)
    at listenInCluster (node:net:1382:12)
    at Server.listen (node:net:1469:7)
    at Function.listen (C:\team project\Originals_Project\node_modules\express\lib\application.js:618:24)
    at Object.<anonymous> (C:\team project\Originals_Project\server\index.js:17:5)
    at Module._compile (node:internal/modules/cjs/loader:1101:14)
    at Object.Module._extensions..js (node:internal/modules/cjs/loader:1153:10)
    at Module.load (node:internal/modules/cjs/loader:981:32)
    at Function.Module._load (node:internal/modules/cjs/loader:822:12)
    at Function.executeUserEntryPoint [as runMain] (node:internal/modules/run_main:81:12)
2022-01-13T11:51:37.287Z error: uncaughtException: listen EADDRINUSE: address already in use :::4000
Error: listen EADDRINUSE: address already in use :::4000
    at Server.setupListenHandle [as _listen2] (node:net:1334:16)
    at listenInCluster (node:net:1382:12)
    at Server.listen (node:net:1469:7)
    at Function.listen (C:\team project\Originals_Project\node_modules\express\lib\application.js:618:24)
    at Object.<anonymous> (C:\team project\Originals_Project\server\index.js:17:5)
    at Module._compile (node:internal/modules/cjs/loader:1101:14)
    at Object.Module._extensions..js (node:internal/modules/cjs/loader:1153:10)
    at Module.load (node:internal/modules/cjs/loader:981:32)
    at Function.Module._load (node:internal/modules/cjs/loader:822:12)
    at Function.executeUserEntryPoint [as runMain] (node:internal/modules/run_main:81:12)
2022-01-13T11:51:38.373Z error: uncaughtException: listen EADDRINUSE: address already in use :::4000
Error: listen EADDRINUSE: address already in use :::4000
    at Server.setupListenHandle [as _listen2] (node:net:1334:16)
    at listenInCluster (node:net:1382:12)
    at Server.listen (node:net:1469:7)
    at Function.listen (C:\team project\Originals_Project\node_modules\express\lib\application.js:618:24)
    at Object.<anonymous> (C:\team project\Originals_Project\server\index.js:17:5)
    at Module._compile (node:internal/modules/cjs/loader:1101:14)
    at Object.Module._extensions..js (node:internal/modules/cjs/loader:1153:10)
    at Module.load (node:internal/modules/cjs/loader:981:32)
    at Function.Module._load (node:internal/modules/cjs/loader:822:12)
    at Function.executeUserEntryPoint [as runMain] (node:internal/modules/run_main:81:12)
2022-01-13T11:51:46.665Z error: uncaughtException: listen EADDRINUSE: address already in use :::4000
Error: listen EADDRINUSE: address already in use :::4000
    at Server.setupListenHandle [as _listen2] (node:net:1334:16)
    at listenInCluster (node:net:1382:12)
    at Server.listen (node:net:1469:7)
    at Function.listen (C:\team project\Originals_Project\node_modules\express\lib\application.js:618:24)
    at Object.<anonymous> (C:\team project\Originals_Project\server\index.js:17:5)
    at Module._compile (node:internal/modules/cjs/loader:1101:14)
    at Object.Module._extensions..js (node:internal/modules/cjs/loader:1153:10)
    at Module.load (node:internal/modules/cjs/loader:981:32)
    at Function.Module._load (node:internal/modules/cjs/loader:822:12)
    at Function.executeUserEntryPoint [as runMain] (node:internal/modules/run_main:81:12)
2022-01-13T11:51:46.938Z error: uncaughtException: listen EADDRINUSE: address already in use :::4000
Error: listen EADDRINUSE: address already in use :::4000
    at Server.setupListenHandle [as _listen2] (node:net:1334:16)
    at listenInCluster (node:net:1382:12)
    at Server.listen (node:net:1469:7)
    at Function.listen (C:\team project\Originals_Project\node_modules\express\lib\application.js:618:24)
    at Object.<anonymous> (C:\team project\Originals_Project\server\index.js:17:5)
    at Module._compile (node:internal/modules/cjs/loader:1101:14)
    at Object.Module._extensions..js (node:internal/modules/cjs/loader:1153:10)
    at Module.load (node:internal/modules/cjs/loader:981:32)
    at Function.Module._load (node:internal/modules/cjs/loader:822:12)
    at Function.executeUserEntryPoint [as runMain] (node:internal/modules/run_main:81:12)
2022-01-13T11:52:22.389Z error: uncaughtException: listen EADDRINUSE: address already in use :::4000
Error: listen EADDRINUSE: address already in use :::4000
    at Server.setupListenHandle [as _listen2] (node:net:1334:16)
    at listenInCluster (node:net:1382:12)
    at Server.listen (node:net:1469:7)
    at Function.listen (C:\team project\Originals_Project\node_modules\express\lib\application.js:618:24)
    at Object.<anonymous> (C:\team project\Originals_Project\server\index.js:17:5)
    at Module._compile (node:internal/modules/cjs/loader:1101:14)
    at Object.Module._extensions..js (node:internal/modules/cjs/loader:1153:10)
    at Module.load (node:internal/modules/cjs/loader:981:32)
    at Function.Module._load (node:internal/modules/cjs/loader:822:12)
    at Function.executeUserEntryPoint [as runMain] (node:internal/modules/run_main:81:12)
2022-01-13T11:52:23.557Z error: uncaughtException: listen EADDRINUSE: address already in use :::4000
Error: listen EADDRINUSE: address already in use :::4000
    at Server.setupListenHandle [as _listen2] (node:net:1334:16)
    at listenInCluster (node:net:1382:12)
    at Server.listen (node:net:1469:7)
    at Function.listen (C:\team project\Originals_Project\node_modules\express\lib\application.js:618:24)
    at Object.<anonymous> (C:\team project\Originals_Project\server\index.js:17:5)
    at Module._compile (node:internal/modules/cjs/loader:1101:14)
    at Object.Module._extensions..js (node:internal/modules/cjs/loader:1153:10)
    at Module.load (node:internal/modules/cjs/loader:981:32)
    at Function.Module._load (node:internal/modules/cjs/loader:822:12)
    at Function.executeUserEntryPoint [as runMain] (node:internal/modules/run_main:81:12)
2022-01-13T11:52:52.602Z error: uncaughtException: listen EADDRINUSE: address already in use :::4000
Error: listen EADDRINUSE: address already in use :::4000
    at Server.setupListenHandle [as _listen2] (node:net:1334:16)
    at listenInCluster (node:net:1382:12)
    at Server.listen (node:net:1469:7)
    at Function.listen (C:\team project\Originals_Project\node_modules\express\lib\application.js:618:24)
    at Object.<anonymous> (C:\team project\Originals_Project\server\index.js:17:5)
    at Module._compile (node:internal/modules/cjs/loader:1101:14)
    at Object.Module._extensions..js (node:internal/modules/cjs/loader:1153:10)
    at Module.load (node:internal/modules/cjs/loader:981:32)
    at Function.Module._load (node:internal/modules/cjs/loader:822:12)
    at Function.executeUserEntryPoint [as runMain] (node:internal/modules/run_main:81:12)
2022-01-13T11:52:52.924Z error: uncaughtException: listen EADDRINUSE: address already in use :::4000
Error: listen EADDRINUSE: address already in use :::4000
    at Server.setupListenHandle [as _listen2] (node:net:1334:16)
    at listenInCluster (node:net:1382:12)
    at Server.listen (node:net:1469:7)
    at Function.listen (C:\team project\Originals_Project\node_modules\express\lib\application.js:618:24)
    at Object.<anonymous> (C:\team project\Originals_Project\server\index.js:17:5)
    at Module._compile (node:internal/modules/cjs/loader:1101:14)
    at Object.Module._extensions..js (node:internal/modules/cjs/loader:1153:10)
    at Module.load (node:internal/modules/cjs/loader:981:32)
    at Function.Module._load (node:internal/modules/cjs/loader:822:12)
    at Function.executeUserEntryPoint [as runMain] (node:internal/modules/run_main:81:12)
2022-01-13T11:53:44.101Z error: uncaughtException: listen EADDRINUSE: address already in use :::4000
Error: listen EADDRINUSE: address already in use :::4000
    at Server.setupListenHandle [as _listen2] (node:net:1334:16)
    at listenInCluster (node:net:1382:12)
    at Server.listen (node:net:1469:7)
    at Function.listen (C:\team project\Originals_Project\node_modules\express\lib\application.js:618:24)
    at Object.<anonymous> (C:\team project\Originals_Project\server\index.js:17:5)
    at Module._compile (node:internal/modules/cjs/loader:1101:14)
    at Object.Module._extensions..js (node:internal/modules/cjs/loader:1153:10)
    at Module.load (node:internal/modules/cjs/loader:981:32)
    at Function.Module._load (node:internal/modules/cjs/loader:822:12)
    at Function.executeUserEntryPoint [as runMain] (node:internal/modules/run_main:81:12)
2022-01-13T11:53:45.363Z error: uncaughtException: listen EADDRINUSE: address already in use :::4000
Error: listen EADDRINUSE: address already in use :::4000
    at Server.setupListenHandle [as _listen2] (node:net:1334:16)
    at listenInCluster (node:net:1382:12)
    at Server.listen (node:net:1469:7)
    at Function.listen (C:\team project\Originals_Project\node_modules\express\lib\application.js:618:24)
    at Object.<anonymous> (C:\team project\Originals_Project\server\index.js:17:5)
    at Module._compile (node:internal/modules/cjs/loader:1101:14)
    at Object.Module._extensions..js (node:internal/modules/cjs/loader:1153:10)
    at Module.load (node:internal/modules/cjs/loader:981:32)
    at Function.Module._load (node:internal/modules/cjs/loader:822:12)
    at Function.executeUserEntryPoint [as runMain] (node:internal/modules/run_main:81:12)
2022-01-13T11:54:41.969Z error: uncaughtException: listen EADDRINUSE: address already in use :::4000
Error: listen EADDRINUSE: address already in use :::4000
    at Server.setupListenHandle [as _listen2] (node:net:1334:16)
    at listenInCluster (node:net:1382:12)
    at Server.listen (node:net:1469:7)
    at Function.listen (C:\team project\Originals_Project\node_modules\express\lib\application.js:618:24)
    at Object.<anonymous> (C:\team project\Originals_Project\server\index.js:17:5)
    at Module._compile (node:internal/modules/cjs/loader:1101:14)
    at Object.Module._extensions..js (node:internal/modules/cjs/loader:1153:10)
    at Module.load (node:internal/modules/cjs/loader:981:32)
    at Function.Module._load (node:internal/modules/cjs/loader:822:12)
    at Function.executeUserEntryPoint [as runMain] (node:internal/modules/run_main:81:12)
2022-01-13T11:54:43.042Z error: uncaughtException: listen EADDRINUSE: address already in use :::4000
Error: listen EADDRINUSE: address already in use :::4000
    at Server.setupListenHandle [as _listen2] (node:net:1334:16)
    at listenInCluster (node:net:1382:12)
    at Server.listen (node:net:1469:7)
    at Function.listen (C:\team project\Originals_Project\node_modules\express\lib\application.js:618:24)
    at Object.<anonymous> (C:\team project\Originals_Project\server\index.js:17:5)
    at Module._compile (node:internal/modules/cjs/loader:1101:14)
    at Object.Module._extensions..js (node:internal/modules/cjs/loader:1153:10)
    at Module.load (node:internal/modules/cjs/loader:981:32)
    at Function.Module._load (node:internal/modules/cjs/loader:822:12)
    at Function.executeUserEntryPoint [as runMain] (node:internal/modules/run_main:81:12)
2022-01-13T11:55:50.272Z error: uncaughtException: listen EADDRINUSE: address already in use :::4000
Error: listen EADDRINUSE: address already in use :::4000
    at Server.setupListenHandle [as _listen2] (node:net:1334:16)
    at listenInCluster (node:net:1382:12)
    at Server.listen (node:net:1469:7)
    at Function.listen (C:\team project\Originals_Project\node_modules\express\lib\application.js:618:24)
    at Object.<anonymous> (C:\team project\Originals_Project\server\index.js:17:5)
    at Module._compile (node:internal/modules/cjs/loader:1101:14)
    at Object.Module._extensions..js (node:internal/modules/cjs/loader:1153:10)
    at Module.load (node:internal/modules/cjs/loader:981:32)
    at Function.Module._load (node:internal/modules/cjs/loader:822:12)
    at Function.executeUserEntryPoint [as runMain] (node:internal/modules/run_main:81:12)
2022-01-13T11:55:51.898Z error: uncaughtException: listen EADDRINUSE: address already in use :::4000
Error: listen EADDRINUSE: address already in use :::4000
    at Server.setupListenHandle [as _listen2] (node:net:1334:16)
    at listenInCluster (node:net:1382:12)
    at Server.listen (node:net:1469:7)
    at Function.listen (C:\team project\Originals_Project\node_modules\express\lib\application.js:618:24)
    at Object.<anonymous> (C:\team project\Originals_Project\server\index.js:17:5)
    at Module._compile (node:internal/modules/cjs/loader:1101:14)
    at Object.Module._extensions..js (node:internal/modules/cjs/loader:1153:10)
    at Module.load (node:internal/modules/cjs/loader:981:32)
    at Function.Module._load (node:internal/modules/cjs/loader:822:12)
    at Function.executeUserEntryPoint [as runMain] (node:internal/modules/run_main:81:12)
2022-01-13T11:58:01.041Z error: uncaughtException: listen EADDRINUSE: address already in use :::4000
Error: listen EADDRINUSE: address already in use :::4000
    at Server.setupListenHandle [as _listen2] (node:net:1334:16)
    at listenInCluster (node:net:1382:12)
    at Server.listen (node:net:1469:7)
    at Function.listen (C:\team project\Originals_Project\node_modules\express\lib\application.js:618:24)
    at Object.<anonymous> (C:\team project\Originals_Project\server\index.js:17:5)
    at Module._compile (node:internal/modules/cjs/loader:1101:14)
    at Object.Module._extensions..js (node:internal/modules/cjs/loader:1153:10)
    at Module.load (node:internal/modules/cjs/loader:981:32)
    at Function.Module._load (node:internal/modules/cjs/loader:822:12)
    at Function.executeUserEntryPoint [as runMain] (node:internal/modules/run_main:81:12)
2022-01-13T11:58:01.315Z error: uncaughtException: listen EADDRINUSE: address already in use :::4000
Error: listen EADDRINUSE: address already in use :::4000
    at Server.setupListenHandle [as _listen2] (node:net:1334:16)
    at listenInCluster (node:net:1382:12)
    at Server.listen (node:net:1469:7)
    at Function.listen (C:\team project\Originals_Project\node_modules\express\lib\application.js:618:24)
    at Object.<anonymous> (C:\team project\Originals_Project\server\index.js:17:5)
    at Module._compile (node:internal/modules/cjs/loader:1101:14)
    at Object.Module._extensions..js (node:internal/modules/cjs/loader:1153:10)
    at Module.load (node:internal/modules/cjs/loader:981:32)
    at Function.Module._load (node:internal/modules/cjs/loader:822:12)
    at Function.executeUserEntryPoint [as runMain] (node:internal/modules/run_main:81:12)
2022-01-13T11:58:48.121Z error: uncaughtException: listen EADDRINUSE: address already in use :::4000
Error: listen EADDRINUSE: address already in use :::4000
    at Server.setupListenHandle [as _listen2] (node:net:1334:16)
    at listenInCluster (node:net:1382:12)
    at Server.listen (node:net:1469:7)
    at Function.listen (C:\team project\Originals_Project\node_modules\express\lib\application.js:618:24)
    at Object.<anonymous> (C:\team project\Originals_Project\server\index.js:17:5)
    at Module._compile (node:internal/modules/cjs/loader:1101:14)
    at Object.Module._extensions..js (node:internal/modules/cjs/loader:1153:10)
    at Module.load (node:internal/modules/cjs/loader:981:32)
    at Function.Module._load (node:internal/modules/cjs/loader:822:12)
    at Function.executeUserEntryPoint [as runMain] (node:internal/modules/run_main:81:12)
2022-01-13T11:58:49.282Z error: uncaughtException: listen EADDRINUSE: address already in use :::4000
Error: listen EADDRINUSE: address already in use :::4000
    at Server.setupListenHandle [as _listen2] (node:net:1334:16)
    at listenInCluster (node:net:1382:12)
    at Server.listen (node:net:1469:7)
    at Function.listen (C:\team project\Originals_Project\node_modules\express\lib\application.js:618:24)
    at Object.<anonymous> (C:\team project\Originals_Project\server\index.js:17:5)
    at Module._compile (node:internal/modules/cjs/loader:1101:14)
    at Object.Module._extensions..js (node:internal/modules/cjs/loader:1153:10)
    at Module.load (node:internal/modules/cjs/loader:981:32)
    at Function.Module._load (node:internal/modules/cjs/loader:822:12)
    at Function.executeUserEntryPoint [as runMain] (node:internal/modules/run_main:81:12)
2022-01-13T11:58:55.486Z error: uncaughtException: listen EADDRINUSE: address already in use :::4000
Error: listen EADDRINUSE: address already in use :::4000
    at Server.setupListenHandle [as _listen2] (node:net:1334:16)
    at listenInCluster (node:net:1382:12)
    at Server.listen (node:net:1469:7)
    at Function.listen (C:\team project\Originals_Project\node_modules\express\lib\application.js:618:24)
    at Object.<anonymous> (C:\team project\Originals_Project\server\index.js:17:5)
    at Module._compile (node:internal/modules/cjs/loader:1101:14)
    at Object.Module._extensions..js (node:internal/modules/cjs/loader:1153:10)
    at Module.load (node:internal/modules/cjs/loader:981:32)
    at Function.Module._load (node:internal/modules/cjs/loader:822:12)
    at Function.executeUserEntryPoint [as runMain] (node:internal/modules/run_main:81:12)
2022-01-13T11:58:55.794Z error: uncaughtException: listen EADDRINUSE: address already in use :::4000
Error: listen EADDRINUSE: address already in use :::4000
    at Server.setupListenHandle [as _listen2] (node:net:1334:16)
    at listenInCluster (node:net:1382:12)
    at Server.listen (node:net:1469:7)
    at Function.listen (C:\team project\Originals_Project\node_modules\express\lib\application.js:618:24)
    at Object.<anonymous> (C:\team project\Originals_Project\server\index.js:17:5)
    at Module._compile (node:internal/modules/cjs/loader:1101:14)
    at Object.Module._extensions..js (node:internal/modules/cjs/loader:1153:10)
    at Module.load (node:internal/modules/cjs/loader:981:32)
    at Function.Module._load (node:internal/modules/cjs/loader:822:12)
    at Function.executeUserEntryPoint [as runMain] (node:internal/modules/run_main:81:12)
2022-01-13T12:03:14.982Z error: uncaughtException: listen EADDRINUSE: address already in use :::4000
Error: listen EADDRINUSE: address already in use :::4000
    at Server.setupListenHandle [as _listen2] (node:net:1334:16)
    at listenInCluster (node:net:1382:12)
    at Server.listen (node:net:1469:7)
    at Function.listen (C:\team project\Originals_Project\node_modules\express\lib\application.js:618:24)
    at Object.<anonymous> (C:\team project\Originals_Project\server\index.js:17:5)
    at Module._compile (node:internal/modules/cjs/loader:1101:14)
    at Object.Module._extensions..js (node:internal/modules/cjs/loader:1153:10)
    at Module.load (node:internal/modules/cjs/loader:981:32)
    at Function.Module._load (node:internal/modules/cjs/loader:822:12)
    at Function.executeUserEntryPoint [as runMain] (node:internal/modules/run_main:81:12)
2022-01-13T12:03:16.340Z error: uncaughtException: listen EADDRINUSE: address already in use :::4000
Error: listen EADDRINUSE: address already in use :::4000
    at Server.setupListenHandle [as _listen2] (node:net:1334:16)
    at listenInCluster (node:net:1382:12)
    at Server.listen (node:net:1469:7)
    at Function.listen (C:\team project\Originals_Project\node_modules\express\lib\application.js:618:24)
    at Object.<anonymous> (C:\team project\Originals_Project\server\index.js:17:5)
    at Module._compile (node:internal/modules/cjs/loader:1101:14)
    at Object.Module._extensions..js (node:internal/modules/cjs/loader:1153:10)
    at Module.load (node:internal/modules/cjs/loader:981:32)
    at Function.Module._load (node:internal/modules/cjs/loader:822:12)
    at Function.executeUserEntryPoint [as runMain] (node:internal/modules/run_main:81:12)
2022-01-13T12:07:29.078Z error: uncaughtException: listen EADDRINUSE: address already in use :::4000
Error: listen EADDRINUSE: address already in use :::4000
    at Server.setupListenHandle [as _listen2] (node:net:1334:16)
    at listenInCluster (node:net:1382:12)
    at Server.listen (node:net:1469:7)
    at Function.listen (C:\team project\Originals_Project\node_modules\express\lib\application.js:618:24)
    at Object.<anonymous> (C:\team project\Originals_Project\server\index.js:17:5)
    at Module._compile (node:internal/modules/cjs/loader:1101:14)
    at Object.Module._extensions..js (node:internal/modules/cjs/loader:1153:10)
    at Module.load (node:internal/modules/cjs/loader:981:32)
    at Function.Module._load (node:internal/modules/cjs/loader:822:12)
    at Function.executeUserEntryPoint [as runMain] (node:internal/modules/run_main:81:12)
2022-01-13T12:07:30.280Z error: uncaughtException: listen EADDRINUSE: address already in use :::4000
Error: listen EADDRINUSE: address already in use :::4000
    at Server.setupListenHandle [as _listen2] (node:net:1334:16)
    at listenInCluster (node:net:1382:12)
    at Server.listen (node:net:1469:7)
    at Function.listen (C:\team project\Originals_Project\node_modules\express\lib\application.js:618:24)
    at Object.<anonymous> (C:\team project\Originals_Project\server\index.js:17:5)
    at Module._compile (node:internal/modules/cjs/loader:1101:14)
    at Object.Module._extensions..js (node:internal/modules/cjs/loader:1153:10)
    at Module.load (node:internal/modules/cjs/loader:981:32)
    at Function.Module._load (node:internal/modules/cjs/loader:822:12)
    at Function.executeUserEntryPoint [as runMain] (node:internal/modules/run_main:81:12)
2022-01-13T12:07:52.105Z error: uncaughtException: listen EADDRINUSE: address already in use :::4000
Error: listen EADDRINUSE: address already in use :::4000
    at Server.setupListenHandle [as _listen2] (node:net:1334:16)
    at listenInCluster (node:net:1382:12)
    at Server.listen (node:net:1469:7)
    at Function.listen (C:\team project\Originals_Project\node_modules\express\lib\application.js:618:24)
    at Object.<anonymous> (C:\team project\Originals_Project\server\index.js:17:5)
    at Module._compile (node:internal/modules/cjs/loader:1101:14)
    at Object.Module._extensions..js (node:internal/modules/cjs/loader:1153:10)
    at Module.load (node:internal/modules/cjs/loader:981:32)
    at Function.Module._load (node:internal/modules/cjs/loader:822:12)
    at Function.executeUserEntryPoint [as runMain] (node:internal/modules/run_main:81:12)
2022-01-13T12:07:52.379Z error: uncaughtException: listen EADDRINUSE: address already in use :::4000
Error: listen EADDRINUSE: address already in use :::4000
    at Server.setupListenHandle [as _listen2] (node:net:1334:16)
    at listenInCluster (node:net:1382:12)
    at Server.listen (node:net:1469:7)
    at Function.listen (C:\team project\Originals_Project\node_modules\express\lib\application.js:618:24)
    at Object.<anonymous> (C:\team project\Originals_Project\server\index.js:17:5)
    at Module._compile (node:internal/modules/cjs/loader:1101:14)
    at Object.Module._extensions..js (node:internal/modules/cjs/loader:1153:10)
    at Module.load (node:internal/modules/cjs/loader:981:32)
    at Function.Module._load (node:internal/modules/cjs/loader:822:12)
    at Function.executeUserEntryPoint [as runMain] (node:internal/modules/run_main:81:12)
2022-01-13T12:08:00.861Z error: uncaughtException: listen EADDRINUSE: address already in use :::4000
Error: listen EADDRINUSE: address already in use :::4000
    at Server.setupListenHandle [as _listen2] (node:net:1334:16)
    at listenInCluster (node:net:1382:12)
    at Server.listen (node:net:1469:7)
    at Function.listen (C:\team project\Originals_Project\node_modules\express\lib\application.js:618:24)
    at Object.<anonymous> (C:\team project\Originals_Project\server\index.js:17:5)
    at Module._compile (node:internal/modules/cjs/loader:1101:14)
    at Object.Module._extensions..js (node:internal/modules/cjs/loader:1153:10)
    at Module.load (node:internal/modules/cjs/loader:981:32)
    at Function.Module._load (node:internal/modules/cjs/loader:822:12)
    at Function.executeUserEntryPoint [as runMain] (node:internal/modules/run_main:81:12)
2022-01-13T12:08:01.334Z error: uncaughtException: listen EADDRINUSE: address already in use :::4000
Error: listen EADDRINUSE: address already in use :::4000
    at Server.setupListenHandle [as _listen2] (node:net:1334:16)
    at listenInCluster (node:net:1382:12)
    at Server.listen (node:net:1469:7)
    at Function.listen (C:\team project\Originals_Project\node_modules\express\lib\application.js:618:24)
    at Object.<anonymous> (C:\team project\Originals_Project\server\index.js:17:5)
    at Module._compile (node:internal/modules/cjs/loader:1101:14)
    at Object.Module._extensions..js (node:internal/modules/cjs/loader:1153:10)
    at Module.load (node:internal/modules/cjs/loader:981:32)
    at Function.Module._load (node:internal/modules/cjs/loader:822:12)
    at Function.executeUserEntryPoint [as runMain] (node:internal/modules/run_main:81:12)
2022-01-13T12:10:18.328Z error: uncaughtException: listen EADDRINUSE: address already in use :::4000
Error: listen EADDRINUSE: address already in use :::4000
    at Server.setupListenHandle [as _listen2] (node:net:1334:16)
    at listenInCluster (node:net:1382:12)
    at Server.listen (node:net:1469:7)
    at Function.listen (C:\team project\Originals_Project\node_modules\express\lib\application.js:618:24)
    at Object.<anonymous> (C:\team project\Originals_Project\server\index.js:17:5)
    at Module._compile (node:internal/modules/cjs/loader:1101:14)
    at Object.Module._extensions..js (node:internal/modules/cjs/loader:1153:10)
    at Module.load (node:internal/modules/cjs/loader:981:32)
    at Function.Module._load (node:internal/modules/cjs/loader:822:12)
    at Function.executeUserEntryPoint [as runMain] (node:internal/modules/run_main:81:12)
2022-01-13T12:10:18.620Z error: uncaughtException: listen EADDRINUSE: address already in use :::4000
Error: listen EADDRINUSE: address already in use :::4000
    at Server.setupListenHandle [as _listen2] (node:net:1334:16)
    at listenInCluster (node:net:1382:12)
    at Server.listen (node:net:1469:7)
    at Function.listen (C:\team project\Originals_Project\node_modules\express\lib\application.js:618:24)
    at Object.<anonymous> (C:\team project\Originals_Project\server\index.js:17:5)
    at Module._compile (node:internal/modules/cjs/loader:1101:14)
    at Object.Module._extensions..js (node:internal/modules/cjs/loader:1153:10)
    at Module.load (node:internal/modules/cjs/loader:981:32)
    at Function.Module._load (node:internal/modules/cjs/loader:822:12)
    at Function.executeUserEntryPoint [as runMain] (node:internal/modules/run_main:81:12)
2022-01-13T12:11:10.933Z error: uncaughtException: listen EADDRINUSE: address already in use :::4000
Error: listen EADDRINUSE: address already in use :::4000
    at Server.setupListenHandle [as _listen2] (node:net:1334:16)
    at listenInCluster (node:net:1382:12)
    at Server.listen (node:net:1469:7)
    at Function.listen (C:\team project\Originals_Project\node_modules\express\lib\application.js:618:24)
    at Object.<anonymous> (C:\team project\Originals_Project\server\index.js:17:5)
    at Module._compile (node:internal/modules/cjs/loader:1101:14)
    at Object.Module._extensions..js (node:internal/modules/cjs/loader:1153:10)
    at Module.load (node:internal/modules/cjs/loader:981:32)
    at Function.Module._load (node:internal/modules/cjs/loader:822:12)
    at Function.executeUserEntryPoint [as runMain] (node:internal/modules/run_main:81:12)
2022-01-13T12:11:11.302Z error: uncaughtException: listen EADDRINUSE: address already in use :::4000
Error: listen EADDRINUSE: address already in use :::4000
    at Server.setupListenHandle [as _listen2] (node:net:1334:16)
    at listenInCluster (node:net:1382:12)
    at Server.listen (node:net:1469:7)
    at Function.listen (C:\team project\Originals_Project\node_modules\express\lib\application.js:618:24)
    at Object.<anonymous> (C:\team project\Originals_Project\server\index.js:17:5)
    at Module._compile (node:internal/modules/cjs/loader:1101:14)
    at Object.Module._extensions..js (node:internal/modules/cjs/loader:1153:10)
    at Module.load (node:internal/modules/cjs/loader:981:32)
    at Function.Module._load (node:internal/modules/cjs/loader:822:12)
    at Function.executeUserEntryPoint [as runMain] (node:internal/modules/run_main:81:12)
2022-01-13T12:12:22.169Z error: uncaughtException: listen EADDRINUSE: address already in use :::4000
Error: listen EADDRINUSE: address already in use :::4000
    at Server.setupListenHandle [as _listen2] (node:net:1334:16)
    at listenInCluster (node:net:1382:12)
    at Server.listen (node:net:1469:7)
    at Function.listen (C:\team project\Originals_Project\node_modules\express\lib\application.js:618:24)
    at Object.<anonymous> (C:\team project\Originals_Project\server\index.js:17:5)
    at Module._compile (node:internal/modules/cjs/loader:1101:14)
    at Object.Module._extensions..js (node:internal/modules/cjs/loader:1153:10)
    at Module.load (node:internal/modules/cjs/loader:981:32)
    at Function.Module._load (node:internal/modules/cjs/loader:822:12)
    at Function.executeUserEntryPoint [as runMain] (node:internal/modules/run_main:81:12)
2022-01-13T12:12:22.577Z error: uncaughtException: listen EADDRINUSE: address already in use :::4000
Error: listen EADDRINUSE: address already in use :::4000
    at Server.setupListenHandle [as _listen2] (node:net:1334:16)
    at listenInCluster (node:net:1382:12)
    at Server.listen (node:net:1469:7)
    at Function.listen (C:\team project\Originals_Project\node_modules\express\lib\application.js:618:24)
    at Object.<anonymous> (C:\team project\Originals_Project\server\index.js:17:5)
    at Module._compile (node:internal/modules/cjs/loader:1101:14)
    at Object.Module._extensions..js (node:internal/modules/cjs/loader:1153:10)
    at Module.load (node:internal/modules/cjs/loader:981:32)
    at Function.Module._load (node:internal/modules/cjs/loader:822:12)
    at Function.executeUserEntryPoint [as runMain] (node:internal/modules/run_main:81:12)
2022-01-13T12:14:59.546Z error: uncaughtException: listen EADDRINUSE: address already in use :::4000
Error: listen EADDRINUSE: address already in use :::4000
    at Server.setupListenHandle [as _listen2] (node:net:1334:16)
    at listenInCluster (node:net:1382:12)
    at Server.listen (node:net:1469:7)
    at Function.listen (C:\team project\Originals_Project\node_modules\express\lib\application.js:618:24)
    at Object.<anonymous> (C:\team project\Originals_Project\server\index.js:17:5)
    at Module._compile (node:internal/modules/cjs/loader:1101:14)
    at Object.Module._extensions..js (node:internal/modules/cjs/loader:1153:10)
    at Module.load (node:internal/modules/cjs/loader:981:32)
    at Function.Module._load (node:internal/modules/cjs/loader:822:12)
    at Function.executeUserEntryPoint [as runMain] (node:internal/modules/run_main:81:12)
